<?xml version="1.0" encoding="UTF-8"?>
<!-- Generated by org.testng.reporters.JUnitReportReporter -->
<testsuite hostname="amit-LENOVO-3000-G580" name="com.learn.automation.TestCsvData" tests="1" failures="0" timestamp="13 Aug 2016 07:01:13 GMT" time="100.933" errors="0">
  <testcase name="csvDataRead" time="100.933" classname="com.learn.automation.TestCsvData"/>
</testsuite> <!-- com.learn.automation.TestCsvData -->
