<?xml version="1.0" encoding="UTF-8"?>
<!-- Generated by org.testng.reporters.JUnitReportReporter -->
<testsuite hostname="amit-LENOVO-3000-G580" name="com.learn.testing.Guru99Test1" tests="1" failures="0" timestamp="11 Jan 2016 11:14:07 GMT" time="11.921" errors="0">
  <testcase name="testGuru99Test1" time="11.921" classname="com.learn.testing.Guru99Test1"/>
</testsuite> <!-- com.learn.testing.Guru99Test1 -->
